[2024-02-17 17:41:23] local.ERROR: Class "App\User" not found {"exception":"[object] (Error(code: 0): Class \"App\\User\" not found at C:\\Users\\crstn\\sia_lab_m\\app\\Http\\Controllers\\UserController.php:11)
[stacktrace]
#0 C:\\Users\\crstn\\sia_lab_m\\vendor\\illuminate\\container\\BoundMethod.php(36): App\\Http\\Controllers\\UserController->getUsers()
#1 C:\\Users\\crstn\\sia_lab_m\\vendor\\illuminate\\container\\Util.php(41): Illuminate\\Container\\BoundMethod::Illuminate\\Container\\{closure}()
#2 C:\\Users\\crstn\\sia_lab_m\\vendor\\illuminate\\container\\BoundMethod.php(93): Illuminate\\Container\\Util::unwrapIfClosure(Object(Closure))
#3 C:\\Users\\crstn\\sia_lab_m\\vendor\\illuminate\\container\\BoundMethod.php(35): Illuminate\\Container\\BoundMethod::callBoundMethod(Object(Laravel\\Lumen\\Application), Array, Object(Closure))
#4 C:\\Users\\crstn\\sia_lab_m\\vendor\\illuminate\\container\\Container.php(662): Illuminate\\Container\\BoundMethod::call(Object(Laravel\\Lumen\\Application), Array, Array, NULL)
#5 C:\\Users\\crstn\\sia_lab_m\\vendor\\laravel\\lumen-framework\\src\\Concerns\\RoutesRequests.php(391): Illuminate\\Container\\Container->call(Array, Array)
#6 C:\\Users\\crstn\\sia_lab_m\\vendor\\laravel\\lumen-framework\\src\\Concerns\\RoutesRequests.php(356): Laravel\\Lumen\\Application->callControllerCallable(Array, Array)
#7 C:\\Users\\crstn\\sia_lab_m\\vendor\\laravel\\lumen-framework\\src\\Concerns\\RoutesRequests.php(331): Laravel\\Lumen\\Application->callLumenController(Object(App\\Http\\Controllers\\UserController), 'getUsers', Array)
#8 C:\\Users\\crstn\\sia_lab_m\\vendor\\laravel\\lumen-framework\\src\\Concerns\\RoutesRequests.php(284): Laravel\\Lumen\\Application->callControllerAction(Array)
#9 C:\\Users\\crstn\\sia_lab_m\\vendor\\laravel\\lumen-framework\\src\\Concerns\\RoutesRequests.php(269): Laravel\\Lumen\\Application->callActionOnArrayBasedRoute(Array)
#10 C:\\Users\\crstn\\sia_lab_m\\vendor\\laravel\\lumen-framework\\src\\Concerns\\RoutesRequests.php(171): Laravel\\Lumen\\Application->handleFoundRoute(Array)
#11 C:\\Users\\crstn\\sia_lab_m\\vendor\\laravel\\lumen-framework\\src\\Concerns\\RoutesRequests.php(431): Laravel\\Lumen\\Application->Laravel\\Lumen\\Concerns\\{closure}(Object(Laravel\\Lumen\\Http\\Request))
#12 C:\\Users\\crstn\\sia_lab_m\\vendor\\laravel\\lumen-framework\\src\\Concerns\\RoutesRequests.php(167): Laravel\\Lumen\\Application->sendThroughPipeline(Array, Object(Closure))
#13 C:\\Users\\crstn\\sia_lab_m\\vendor\\laravel\\lumen-framework\\src\\Concerns\\RoutesRequests.php(112): Laravel\\Lumen\\Application->dispatch(NULL)
#14 C:\\Users\\crstn\\sia_lab_m\\public\\index.php(28): Laravel\\Lumen\\Application->run()
#15 {main}
"} 
[2024-02-17 17:42:04] local.ERROR: Class "App\User" not found {"exception":"[object] (Error(code: 0): Class \"App\\User\" not found at C:\\Users\\crstn\\sia_lab_m\\app\\Http\\Controllers\\UserController.php:11)
[stacktrace]
#0 C:\\Users\\crstn\\sia_lab_m\\vendor\\illuminate\\container\\BoundMethod.php(36): App\\Http\\Controllers\\UserController->getUsers()
#1 C:\\Users\\crstn\\sia_lab_m\\vendor\\illuminate\\container\\Util.php(41): Illuminate\\Container\\BoundMethod::Illuminate\\Container\\{closure}()
#2 C:\\Users\\crstn\\sia_lab_m\\vendor\\illuminate\\container\\BoundMethod.php(93): Illuminate\\Container\\Util::unwrapIfClosure(Object(Closure))
#3 C:\\Users\\crstn\\sia_lab_m\\vendor\\illuminate\\container\\BoundMethod.php(35): Illuminate\\Container\\BoundMethod::callBoundMethod(Object(Laravel\\Lumen\\Application), Array, Object(Closure))
#4 C:\\Users\\crstn\\sia_lab_m\\vendor\\illuminate\\container\\Container.php(662): Illuminate\\Container\\BoundMethod::call(Object(Laravel\\Lumen\\Application), Array, Array, NULL)
#5 C:\\Users\\crstn\\sia_lab_m\\vendor\\laravel\\lumen-framework\\src\\Concerns\\RoutesRequests.php(391): Illuminate\\Container\\Container->call(Array, Array)
#6 C:\\Users\\crstn\\sia_lab_m\\vendor\\laravel\\lumen-framework\\src\\Concerns\\RoutesRequests.php(356): Laravel\\Lumen\\Application->callControllerCallable(Array, Array)
#7 C:\\Users\\crstn\\sia_lab_m\\vendor\\laravel\\lumen-framework\\src\\Concerns\\RoutesRequests.php(331): Laravel\\Lumen\\Application->callLumenController(Object(App\\Http\\Controllers\\UserController), 'getUsers', Array)
#8 C:\\Users\\crstn\\sia_lab_m\\vendor\\laravel\\lumen-framework\\src\\Concerns\\RoutesRequests.php(284): Laravel\\Lumen\\Application->callControllerAction(Array)
#9 C:\\Users\\crstn\\sia_lab_m\\vendor\\laravel\\lumen-framework\\src\\Concerns\\RoutesRequests.php(269): Laravel\\Lumen\\Application->callActionOnArrayBasedRoute(Array)
#10 C:\\Users\\crstn\\sia_lab_m\\vendor\\laravel\\lumen-framework\\src\\Concerns\\RoutesRequests.php(171): Laravel\\Lumen\\Application->handleFoundRoute(Array)
#11 C:\\Users\\crstn\\sia_lab_m\\vendor\\laravel\\lumen-framework\\src\\Concerns\\RoutesRequests.php(431): Laravel\\Lumen\\Application->Laravel\\Lumen\\Concerns\\{closure}(Object(Laravel\\Lumen\\Http\\Request))
#12 C:\\Users\\crstn\\sia_lab_m\\vendor\\laravel\\lumen-framework\\src\\Concerns\\RoutesRequests.php(167): Laravel\\Lumen\\Application->sendThroughPipeline(Array, Object(Closure))
#13 C:\\Users\\crstn\\sia_lab_m\\vendor\\laravel\\lumen-framework\\src\\Concerns\\RoutesRequests.php(112): Laravel\\Lumen\\Application->dispatch(NULL)
#14 C:\\Users\\crstn\\sia_lab_m\\public\\index.php(28): Laravel\\Lumen\\Application->run()
#15 {main}
"} 
[2024-02-17 17:46:41] local.ERROR: Class "App\User" not found {"exception":"[object] (Error(code: 0): Class \"App\\User\" not found at C:\\Users\\crstn\\sia_lab_m\\app\\Http\\Controllers\\UserController.php:11)
[stacktrace]
#0 C:\\Users\\crstn\\sia_lab_m\\vendor\\illuminate\\container\\BoundMethod.php(36): App\\Http\\Controllers\\UserController->getUsers()
#1 C:\\Users\\crstn\\sia_lab_m\\vendor\\illuminate\\container\\Util.php(41): Illuminate\\Container\\BoundMethod::Illuminate\\Container\\{closure}()
#2 C:\\Users\\crstn\\sia_lab_m\\vendor\\illuminate\\container\\BoundMethod.php(93): Illuminate\\Container\\Util::unwrapIfClosure(Object(Closure))
#3 C:\\Users\\crstn\\sia_lab_m\\vendor\\illuminate\\container\\BoundMethod.php(35): Illuminate\\Container\\BoundMethod::callBoundMethod(Object(Laravel\\Lumen\\Application), Array, Object(Closure))
#4 C:\\Users\\crstn\\sia_lab_m\\vendor\\illuminate\\container\\Container.php(662): Illuminate\\Container\\BoundMethod::call(Object(Laravel\\Lumen\\Application), Array, Array, NULL)
#5 C:\\Users\\crstn\\sia_lab_m\\vendor\\laravel\\lumen-framework\\src\\Concerns\\RoutesRequests.php(391): Illuminate\\Container\\Container->call(Array, Array)
#6 C:\\Users\\crstn\\sia_lab_m\\vendor\\laravel\\lumen-framework\\src\\Concerns\\RoutesRequests.php(356): Laravel\\Lumen\\Application->callControllerCallable(Array, Array)
#7 C:\\Users\\crstn\\sia_lab_m\\vendor\\laravel\\lumen-framework\\src\\Concerns\\RoutesRequests.php(331): Laravel\\Lumen\\Application->callLumenController(Object(App\\Http\\Controllers\\UserController), 'getUsers', Array)
#8 C:\\Users\\crstn\\sia_lab_m\\vendor\\laravel\\lumen-framework\\src\\Concerns\\RoutesRequests.php(284): Laravel\\Lumen\\Application->callControllerAction(Array)
#9 C:\\Users\\crstn\\sia_lab_m\\vendor\\laravel\\lumen-framework\\src\\Concerns\\RoutesRequests.php(269): Laravel\\Lumen\\Application->callActionOnArrayBasedRoute(Array)
#10 C:\\Users\\crstn\\sia_lab_m\\vendor\\laravel\\lumen-framework\\src\\Concerns\\RoutesRequests.php(171): Laravel\\Lumen\\Application->handleFoundRoute(Array)
#11 C:\\Users\\crstn\\sia_lab_m\\vendor\\laravel\\lumen-framework\\src\\Concerns\\RoutesRequests.php(431): Laravel\\Lumen\\Application->Laravel\\Lumen\\Concerns\\{closure}(Object(Laravel\\Lumen\\Http\\Request))
#12 C:\\Users\\crstn\\sia_lab_m\\vendor\\laravel\\lumen-framework\\src\\Concerns\\RoutesRequests.php(167): Laravel\\Lumen\\Application->sendThroughPipeline(Array, Object(Closure))
#13 C:\\Users\\crstn\\sia_lab_m\\vendor\\laravel\\lumen-framework\\src\\Concerns\\RoutesRequests.php(112): Laravel\\Lumen\\Application->dispatch(NULL)
#14 C:\\Users\\crstn\\sia_lab_m\\public\\index.php(28): Laravel\\Lumen\\Application->run()
#15 {main}
"} 
